c:\_dev\meshtool\zlibsimplificationquadricerror\debug\zlibsimplificationquadricerror.pch
c:\_dev\meshtool\zlibsimplificationquadricerror\debug\vc142.pdb
c:\_dev\meshtool\zlibsimplificationquadricerror\debug\vc142.idb
c:\_dev\meshtool\zlibsimplificationquadricerror\debug\pch.obj
c:\_dev\meshtool\zlibsimplificationquadricerror\debug\export.obj
c:\_dev\meshtool\zlibsimplificationquadricerror\debug\vector.obj
c:\_dev\meshtool\zlibsimplificationquadricerror\debug\chemanager.obj
c:\_dev\meshtool\zlibsimplificationquadricerror\debug\cdllmanager.obj
c:\_dev\meshtool\zlibsimplificationquadricerror\debug\cmeshiomanager.obj
c:\_dev\meshtool\zlibsimplificationquadricerror\debug\csimplificationquadricerror.obj
c:\_dev\meshtool\zlibsimplificationquadricerror\debug\zlibsimplificationquadricerror.obj
c:\_dev\meshtool\zlibsimplificationquadricerror\debug\zlibsimplificationquadricerror.ilk
c:\_dev\meshtool\common\bin\debug\zlibsimplificationquadricerror.exe
c:\_dev\meshtool\common\bin\debug\zlibsimplificationquadricerror.pdb
c:\_dev\meshtool\zlibsimplificationquadricerror\debug\zlibsimp.533e7620.tlog\cl.command.1.tlog
c:\_dev\meshtool\zlibsimplificationquadricerror\debug\zlibsimp.533e7620.tlog\cl.read.1.tlog
c:\_dev\meshtool\zlibsimplificationquadricerror\debug\zlibsimp.533e7620.tlog\cl.write.1.tlog
c:\_dev\meshtool\zlibsimplificationquadricerror\debug\zlibsimp.533e7620.tlog\link.command.1.tlog
c:\_dev\meshtool\zlibsimplificationquadricerror\debug\zlibsimp.533e7620.tlog\link.read.1.tlog
c:\_dev\meshtool\zlibsimplificationquadricerror\debug\zlibsimp.533e7620.tlog\link.write.1.tlog
