c:\_dev\meshtool\zlibmeshio\debug\zlibmeshio.pch
c:\_dev\meshtool\zlibmeshio\debug\vc142.pdb
c:\_dev\meshtool\zlibmeshio\debug\vc142.idb
c:\_dev\meshtool\zlibmeshio\debug\pch.obj
c:\_dev\meshtool\zlibmeshio\debug\cmeshio.obj
c:\_dev\meshtool\zlibmeshio\debug\zlibmeshio.obj
c:\_dev\meshtool\zlibmeshio\debug\vector.obj
c:\_dev\meshtool\zlibmeshio\debug\export.obj
c:\_dev\meshtool\zlibmeshio\debug\zlibmeshio.ilk
c:\_dev\meshtool\common\bin\debug\zlibmeshio.dll
c:\_dev\meshtool\common\bin\debug\zlibmeshio.pdb
c:\_dev\meshtool\common\bin\debug\zlibmeshio.lib
c:\_dev\meshtool\common\bin\debug\zlibmeshio.exp
c:\_dev\meshtool\zlibmeshio\debug\zlibmeshio.tlog\cl.command.1.tlog
c:\_dev\meshtool\zlibmeshio\debug\zlibmeshio.tlog\cl.read.1.tlog
c:\_dev\meshtool\zlibmeshio\debug\zlibmeshio.tlog\cl.write.1.tlog
c:\_dev\meshtool\zlibmeshio\debug\zlibmeshio.tlog\link.command.1.tlog
c:\_dev\meshtool\zlibmeshio\debug\zlibmeshio.tlog\link.read.1.tlog
c:\_dev\meshtool\zlibmeshio\debug\zlibmeshio.tlog\link.write.1.tlog
c:\_dev\meshtool\zlibmeshio\debug\zlibmeshio.tlog\zlibmeshio.write.1u.tlog
