c:\_dev\meshtool\zlibhalfedgerep\debug\zlibhalfedgerep.pch
c:\_dev\meshtool\zlibhalfedgerep\debug\vc142.pdb
c:\_dev\meshtool\zlibhalfedgerep\debug\vc142.idb
c:\_dev\meshtool\zlibhalfedgerep\debug\pch.obj
c:\_dev\meshtool\zlibhalfedgerep\debug\zlibhalfedgerep.obj
c:\_dev\meshtool\zlibhalfedgerep\debug\vector.obj
c:\_dev\meshtool\zlibhalfedgerep\debug\export.obj
c:\_dev\meshtool\zlibhalfedgerep\debug\chalfedgerep.obj
c:\_dev\meshtool\zlibhalfedgerep\debug\zlibhalfedgerep.ilk
c:\_dev\meshtool\common\bin\debug\zlibhalfedgerep.dll
c:\_dev\meshtool\common\bin\debug\zlibhalfedgerep.pdb
c:\_dev\meshtool\common\bin\debug\zlibhalfedgerep.lib
c:\_dev\meshtool\common\bin\debug\zlibhalfedgerep.exp
c:\_dev\meshtool\zlibhalfedgerep\debug\zlibhalfedgerep.tlog\cl.command.1.tlog
c:\_dev\meshtool\zlibhalfedgerep\debug\zlibhalfedgerep.tlog\cl.read.1.tlog
c:\_dev\meshtool\zlibhalfedgerep\debug\zlibhalfedgerep.tlog\cl.write.1.tlog
c:\_dev\meshtool\zlibhalfedgerep\debug\zlibhalfedgerep.tlog\link.command.1.tlog
c:\_dev\meshtool\zlibhalfedgerep\debug\zlibhalfedgerep.tlog\link.read.1.tlog
c:\_dev\meshtool\zlibhalfedgerep\debug\zlibhalfedgerep.tlog\link.write.1.tlog
c:\_dev\meshtool\zlibhalfedgerep\debug\zlibhalfedgerep.tlog\zlibhalfedgerep.write.1u.tlog
